This file contains any messages produced by compilers while
running configure, to aid debugging if configure makes a mistake.

It was created by newlib configure 1.15.0, which was
generated by GNU Autoconf 2.65.  Invocation command line was

  $ ./configure 

## --------- ##
## Platform. ##
## --------- ##

hostname = linux
uname -m = x86_64
uname -r = 2.6.34-12-desktop
uname -s = Linux
uname -v = #1 SMP PREEMPT 2010-06-29 02:39:08 +0200

/usr/bin/uname -p = unknown
/bin/uname -X     = unknown

/bin/arch              = x86_64
/usr/bin/arch -k       = unknown
/usr/convex/getsysinfo = unknown
/usr/bin/hostinfo      = unknown
/bin/machine           = unknown
/usr/bin/oslevel       = unknown
/bin/universe          = unknown

PATH: /usr/lib64/mpi/gcc/openmpi/bin
PATH: /home/piranha/bin
PATH: /usr/local/bin
PATH: /usr/bin
PATH: /bin
PATH: /usr/bin/X11
PATH: /usr/X11R6/bin
PATH: /usr/games
PATH: /opt/kde3/bin
PATH: /usr/lib/mit/bin
PATH: /usr/lib/mit/sbin
PATH: /usr/lib/qt3/bin
PATH: /usr/cross/bin
PATH: /usr/cross/bin


## ----------- ##
## Core tests. ##
## ----------- ##

configure:1823: checking build system type
configure:1837: result: x86_64-unknown-linux-gnu
configure:1857: checking host system type
configure:1870: result: x86_64-unknown-linux-gnu
configure:1906: checking for a BSD-compatible install
configure:1974: result: /usr/bin/install -c
configure:1985: checking whether build environment is sane
configure:2035: result: yes
configure:2176: checking for a thread-safe mkdir -p
configure:2215: result: /bin/mkdir -p
configure:2228: checking for gawk
configure:2244: found /usr/bin/gawk
configure:2255: result: gawk
configure:2266: checking whether make sets $(MAKE)
configure:2288: result: yes
configure:2318: checking for style of include used by make
configure:2346: result: GNU
configure:2555: checking for gcc
configure:2571: found /usr/bin/gcc
configure:2582: result: gcc
configure:2593: checking dependency style of gcc
configure:2703: result: gcc3
configure:2776: checking whether we are using GNU C
configure:2787: gcc -E conftest.c
configure:2790: $? = 0
configure:2797: result: yes
configure:2807: checking whether gcc accepts -g
configure:2827: gcc -c -g  conftest.c >&5
configure:2827: $? = 0
configure: failed program was:
| /* confdefs.h */
| #define PACKAGE_NAME "newlib"
| #define PACKAGE_TARNAME "newlib"
| #define PACKAGE_VERSION "1.15.0"
| #define PACKAGE_STRING "newlib 1.15.0"
| #define PACKAGE_BUGREPORT ""
| #define PACKAGE_URL ""
| /* end confdefs.h.  */
| 
| int
| main ()
| {
| 
|   ;
|   return 0;
| }
configure:2842: gcc -c   conftest.c >&5
configure:2842: $? = 0
configure: failed program was:
| /* confdefs.h */
| #define PACKAGE_NAME "newlib"
| #define PACKAGE_TARNAME "newlib"
| #define PACKAGE_VERSION "1.15.0"
| #define PACKAGE_STRING "newlib 1.15.0"
| #define PACKAGE_BUGREPORT ""
| #define PACKAGE_URL ""
| /* end confdefs.h.  */
| 
| int
| main ()
| {
| 
|   ;
|   return 0;
| }
configure:2858: gcc -c -g  conftest.c >&5
configure:2858: $? = 0
configure: failed program was:
| /* confdefs.h */
| #define PACKAGE_NAME "newlib"
| #define PACKAGE_TARNAME "newlib"
| #define PACKAGE_VERSION "1.15.0"
| #define PACKAGE_STRING "newlib 1.15.0"
| #define PACKAGE_BUGREPORT ""
| #define PACKAGE_URL ""
| /* end confdefs.h.  */
| 
| int
| main ()
| {
| 
|   ;
|   return 0;
| }
configure:2868: result: no
configure:2941: checking for as
configure:2957: found /usr/bin/as
configure:2968: result: as
configure:3033: checking for ar
configure:3049: found /usr/bin/ar
configure:3060: result: ar
configure:3125: checking for ranlib
configure:3141: found /usr/bin/ranlib
configure:3152: result: ranlib
configure:3217: checking for readelf
configure:3233: found /usr/bin/readelf
configure:3244: result: readelf
configure:3273: checking whether to enable maintainer-specific portions of Makefiles
configure:3282: result: no

## ---------------- ##
## Cache variables. ##
## ---------------- ##

ac_cv_build=x86_64-unknown-linux-gnu
ac_cv_c_compiler_gnu=yes
ac_cv_env_CCASFLAGS_set=
ac_cv_env_CCASFLAGS_value=
ac_cv_env_CCAS_set=
ac_cv_env_CCAS_value=
ac_cv_env_build_alias_set=
ac_cv_env_build_alias_value=
ac_cv_env_host_alias_set=
ac_cv_env_host_alias_value=
ac_cv_env_target_alias_set=
ac_cv_env_target_alias_value=
ac_cv_host=x86_64-unknown-linux-gnu
ac_cv_path_install='/usr/bin/install -c'
ac_cv_path_mkdir=/bin/mkdir
ac_cv_prog_AWK=gawk
ac_cv_prog_CC=gcc
ac_cv_prog_ac_ct_AR=ar
ac_cv_prog_ac_ct_AS=as
ac_cv_prog_ac_ct_RANLIB=ranlib
ac_cv_prog_ac_ct_READELF=readelf
ac_cv_prog_cc_g=no
ac_cv_prog_make_make_set=yes
am_cv_CC_dependencies_compiler_type=gcc3

## ----------------- ##
## Output variables. ##
## ----------------- ##

ACLOCAL='${SHELL} /home/piranha/Downloads/cross/newlib-1.15.0/missing --run aclocal-1.11'
AMDEPBACKSLASH='\'
AMDEP_FALSE='#'
AMDEP_TRUE=''
AMTAR='${SHELL} /home/piranha/Downloads/cross/newlib-1.15.0/missing --run tar'
AR='ar'
AS='as'
AUTOCONF='${SHELL} /home/piranha/Downloads/cross/newlib-1.15.0/missing --run autoconf'
AUTOHEADER='${SHELL} /home/piranha/Downloads/cross/newlib-1.15.0/missing --run autoheader'
AUTOMAKE='${SHELL} /home/piranha/Downloads/cross/newlib-1.15.0/missing --run automake-1.11'
AWK='gawk'
CC='gcc'
CCAS='gcc'
CCASFLAGS=''
CCDEPMODE='depmode=gcc3'
CYGPATH_W='echo'
DEFS=''
DEPDIR='.deps'
ECHO_C=''
ECHO_N='-n'
ECHO_T=''
ELIX_LEVEL_0_FALSE=''
ELIX_LEVEL_0_TRUE=''
ELIX_LEVEL_1_FALSE=''
ELIX_LEVEL_1_TRUE=''
ELIX_LEVEL_2_FALSE=''
ELIX_LEVEL_2_TRUE=''
ELIX_LEVEL_3_FALSE=''
ELIX_LEVEL_3_TRUE=''
ELIX_LEVEL_4_FALSE=''
ELIX_LEVEL_4_TRUE=''
INSTALL_DATA='${INSTALL} -m 644'
INSTALL_PROGRAM='${INSTALL}'
INSTALL_SCRIPT='${INSTALL}'
INSTALL_STRIP_PROGRAM='$(install_sh) -c -s'
LDFLAGS=''
LIBOBJS=''
LIBS=''
LTLIBOBJS=''
MAINT='#'
MAINTAINER_MODE_FALSE=''
MAINTAINER_MODE_TRUE='#'
MAKEINFO='${SHELL} /home/piranha/Downloads/cross/newlib-1.15.0/missing --run makeinfo'
MAY_SUPPLY_SYSCALLS_FALSE='#'
MAY_SUPPLY_SYSCALLS_TRUE=''
MKDIR_P='/bin/mkdir -p'
NEWLIB_CFLAGS=''
OBJEXT=''
PACKAGE='newlib'
PACKAGE_BUGREPORT=''
PACKAGE_NAME='newlib'
PACKAGE_STRING='newlib 1.15.0'
PACKAGE_TARNAME='newlib'
PACKAGE_URL=''
PACKAGE_VERSION='1.15.0'
PATH_SEPARATOR=':'
RANLIB='ranlib'
READELF='readelf'
SET_MAKE=''
SHELL='/bin/sh'
STRIP=''
USE_LIBTOOL_FALSE=''
USE_LIBTOOL_TRUE=''
VERSION='1.15.0'
aext='a'
am__fastdepCC_FALSE='#'
am__fastdepCC_TRUE=''
am__include='include'
am__isrc=''
am__leading_dot='.'
am__quote=''
am__tar='${AMTAR} chof - "$$tardir"'
am__untar='${AMTAR} xf -'
bindir='${exec_prefix}/bin'
build='x86_64-unknown-linux-gnu'
build_alias=''
build_cpu='x86_64'
build_os='linux-gnu'
build_vendor='unknown'
datadir='${datarootdir}'
datarootdir='${prefix}/share'
docdir='${datarootdir}/doc/${PACKAGE_TARNAME}'
dvidir='${docdir}'
exec_prefix='NONE'
host='x86_64-unknown-linux-gnu'
host_alias=''
host_cpu='x86_64'
host_os='linux-gnu'
host_vendor='unknown'
htmldir='${docdir}'
includedir='${prefix}/include'
infodir='${datarootdir}/info'
install_sh='${SHELL} /home/piranha/Downloads/cross/newlib-1.15.0/install-sh'
libdir='${exec_prefix}/lib'
libexecdir='${exec_prefix}/libexec'
libm_machine_dir=''
localedir='${datarootdir}/locale'
localstatedir='${prefix}/var'
lpfx='lib_a-'
machine_dir=''
mandir='${datarootdir}/man'
mkdir_p='/bin/mkdir -p'
newlib_basedir='./../../..'
oext='o'
oldincludedir='/usr/include'
pdfdir='${docdir}'
prefix='NONE'
program_transform_name='s,x,x,'
psdir='${docdir}'
sbindir='${exec_prefix}/sbin'
sharedstatedir='${prefix}/com'
sys_dir=''
sysconfdir='${prefix}/etc'
target_alias=''

## ----------- ##
## confdefs.h. ##
## ----------- ##

/* confdefs.h */
#define PACKAGE_NAME "newlib"
#define PACKAGE_TARNAME "newlib"
#define PACKAGE_VERSION "1.15.0"
#define PACKAGE_STRING "newlib 1.15.0"
#define PACKAGE_BUGREPORT ""
#define PACKAGE_URL ""

configure: exit 1
